<?xml version="1.0" encoding="UTF-8"?>
<!-- Generated by org.testng.reporters.JUnitReportReporter -->
<testsuite hostname="DESKTOP-V0C9TJK" failures="0" tests="1" name="Test.LoginTestcase1" time="13.892" errors="0" timestamp="2025-06-21T18:12:24 IST" skipped="0">
  <testcase classname="Test.LoginTestcase1" name="loginpagecase" time="13.892"/>
</testsuite> <!-- Test.LoginTestcase1 -->
