<?xml version="1.0" encoding="UTF-8"?>
<!-- Generated by org.testng.reporters.JUnitReportReporter -->
<testsuite hostname="DESKTOP-V0C9TJK" failures="0" tests="3" name="Test.LoginTestcase1" time="12.519" errors="0" timestamp="2025-06-21T19:49:25 IST" skipped="0">
  <testcase classname="Test.LoginTestcase1" name="paramterloginpagecase" time="3.294"/>
  <testcase classname="Test.LoginTestcase1" name="loginpagecase" time="4.034"/>
  <testcase classname="Test.LoginTestcase1" name="excelloginpagecase" time="5.191"/>
</testsuite> <!-- Test.LoginTestcase1 -->
