<?xml version="1.0" encoding="UTF-8"?>
<!-- Generated by org.testng.reporters.JUnitReportReporter -->
<testsuite hostname="DESKTOP-V0C9TJK" failures="0" tests="3" name="Test.LoginTestcase1" time="16.674" errors="0" timestamp="2025-06-21T19:37:33 IST" skipped="0">
  <testcase classname="Test.LoginTestcase1" name="paramterloginpagecase" time="5.201"/>
  <testcase classname="Test.LoginTestcase1" name="excelloginpagecase" time="4.989"/>
  <testcase classname="Test.LoginTestcase1" name="loginpagecase" time="6.484"/>
</testsuite> <!-- Test.LoginTestcase1 -->
