<?xml version="1.0" encoding="UTF-8"?>
<!-- Generated by org.testng.reporters.JUnitReportReporter -->
<testsuite hostname="DESKTOP-V0C9TJK" failures="0" tests="1" name="Test.LoginTestcase1" time="7.882" errors="0" timestamp="2025-06-20T19:03:57 IST" skipped="0">
  <testcase classname="Test.LoginTestcase1" name="loginpagecase" time="7.882"/>
</testsuite> <!-- Test.LoginTestcase1 -->
